Flow report for DE1_watch
Sat Nov 11 14:34:51 2017
Quartus II 64-Bit Version 13.0.1 Build 232 06/12/2013 Service Pack 1 SJ Web Edition


---------------------
; Table of Contents ;
---------------------
  1. Legal Notice
  2. Flow Summary
  3. Flow Settings
  4. Flow Non-Default Global Settings
  5. Flow Elapsed Time
  6. Flow OS Summary
  7. Flow Log
  8. Flow Messages
  9. Flow Suppressed Messages



----------------
; Legal Notice ;
----------------
Copyright (C) 1991-2013 Altera Corporation
Your use of Altera Corporation's design tools, logic functions 
and other software and tools, and its AMPP partner logic 
functions, and any output files from any of the foregoing 
(including device programming or simulation files), and any 
associated documentation or information are expressly subject 
to the terms and conditions of the Altera Program License 
Subscription Agreement, Altera MegaCore Function License 
Agreement, or other applicable license agreement, including, 
without limitation, that your use is for the sole purpose of 
programming logic devices manufactured by Altera and sold by 
Altera or its authorized distributors.  Please refer to the 
applicable agreement for further details.



+--------------------------------------------------------------------------------------+
; Flow Summary                                                                         ;
+------------------------------------+-------------------------------------------------+
; Flow Status                        ; Successful - Sat Nov 11 14:34:45 2017           ;
; Quartus II 64-Bit Version          ; 13.0.1 Build 232 06/12/2013 SP 1 SJ Web Edition ;
; Revision Name                      ; DE1_watch                                       ;
; Top-level Entity Name              ; DE1_watch                                       ;
; Family                             ; Cyclone II                                      ;
; Device                             ; EP2C20F484C7                                    ;
; Timing Models                      ; Final                                           ;
; Total logic elements               ; 2,790 / 18,752 ( 15 % )                         ;
;     Total combinational functions  ; 2,424 / 18,752 ( 13 % )                         ;
;     Dedicated logic registers      ; 1,788 / 18,752 ( 10 % )                         ;
; Total registers                    ; 1856                                            ;
; Total pins                         ; 241 / 315 ( 77 % )                              ;
; Total virtual pins                 ; 0                                               ;
; Total memory bits                  ; 11,264 / 239,616 ( 5 % )                        ;
; Embedded Multiplier 9-bit elements ; 0 / 52 ( 0 % )                                  ;
; Total PLLs                         ; 1 / 4 ( 25 % )                                  ;
+------------------------------------+-------------------------------------------------+


+-----------------------------------------+
; Flow Settings                           ;
+-------------------+---------------------+
; Option            ; Setting             ;
+-------------------+---------------------+
; Start date & time ; 11/11/2017 14:32:56 ;
; Main task         ; Compilation         ;
; Revision Name     ; DE1_watch           ;
+-------------------+---------------------+


+-----------------------------------------------------------------------------------------------------------------------------------------------------------------------------------------+
; Flow Non-Default Global Settings                                                                                                                                                        ;
+-------------------------------------+--------------------------------------------------------------------------+---------------+-------------------------------------------+------------+
; Assignment Name                     ; Value                                                                    ; Default Value ; Entity Name                               ; Section Id ;
+-------------------------------------+--------------------------------------------------------------------------+---------------+-------------------------------------------+------------+
; COMPILER_SIGNATURE_ID               ; 20822802874870.151040717605956                                           ; --            ; --                                        ; --         ;
; IP_TOOL_ENV                         ; Qsys                                                                     ; --            ; HW_Design_For_TheWatch                    ; --         ;
; IP_TOOL_ENV                         ; Qsys                                                                     ; --            ; HW_Design_For_TheWatch_CPU                ; --         ;
; IP_TOOL_ENV                         ; Qsys                                                                     ; --            ; HW_Design_For_TheWatch_JTAG_UART          ; --         ;
; IP_TOOL_ENV                         ; Qsys                                                                     ; --            ; HW_Design_For_TheWatch_SDRAM              ; --         ;
; IP_TOOL_ENV                         ; Qsys                                                                     ; --            ; HW_Design_For_TheWatch_addr_router        ; --         ;
; IP_TOOL_ENV                         ; Qsys                                                                     ; --            ; HW_Design_For_TheWatch_addr_router_001    ; --         ;
; IP_TOOL_ENV                         ; Qsys                                                                     ; --            ; HW_Design_For_TheWatch_cmd_xbar_demux     ; --         ;
; IP_TOOL_ENV                         ; Qsys                                                                     ; --            ; HW_Design_For_TheWatch_cmd_xbar_demux_001 ; --         ;
; IP_TOOL_ENV                         ; Qsys                                                                     ; --            ; HW_Design_For_TheWatch_cmd_xbar_mux       ; --         ;
; IP_TOOL_ENV                         ; Qsys                                                                     ; --            ; HW_Design_For_TheWatch_id_router          ; --         ;
; IP_TOOL_ENV                         ; Qsys                                                                     ; --            ; HW_Design_For_TheWatch_id_router_001      ; --         ;
; IP_TOOL_ENV                         ; Qsys                                                                     ; --            ; HW_Design_For_TheWatch_id_router_002      ; --         ;
; IP_TOOL_ENV                         ; Qsys                                                                     ; --            ; HW_Design_For_TheWatch_irq_mapper         ; --         ;
; IP_TOOL_ENV                         ; Qsys                                                                     ; --            ; HW_Design_For_TheWatch_rsp_xbar_demux_002 ; --         ;
; IP_TOOL_ENV                         ; Qsys                                                                     ; --            ; HW_Design_For_TheWatch_rsp_xbar_mux       ; --         ;
; IP_TOOL_ENV                         ; Qsys                                                                     ; --            ; HW_Design_For_TheWatch_rsp_xbar_mux_001   ; --         ;
; IP_TOOL_ENV                         ; Qsys                                                                     ; --            ; HW_Design_For_TheWatch_sysid              ; --         ;
; IP_TOOL_ENV                         ; Qsys                                                                     ; --            ; HW_Design_For_TheWatch_timer_ms           ; --         ;
; IP_TOOL_ENV                         ; Qsys                                                                     ; --            ; altera_avalon_sc_fifo                     ; --         ;
; IP_TOOL_ENV                         ; Qsys                                                                     ; --            ; altera_merlin_burst_adapter               ; --         ;
; IP_TOOL_ENV                         ; Qsys                                                                     ; --            ; altera_merlin_master_agent                ; --         ;
; IP_TOOL_ENV                         ; Qsys                                                                     ; --            ; altera_merlin_master_translator           ; --         ;
; IP_TOOL_ENV                         ; Qsys                                                                     ; --            ; altera_merlin_slave_agent                 ; --         ;
; IP_TOOL_ENV                         ; Qsys                                                                     ; --            ; altera_merlin_slave_translator            ; --         ;
; IP_TOOL_ENV                         ; Qsys                                                                     ; --            ; altera_merlin_width_adapter               ; --         ;
; IP_TOOL_ENV                         ; Qsys                                                                     ; --            ; altera_reset_controller                   ; --         ;
; IP_TOOL_NAME                        ; Qsys                                                                     ; --            ; HW_Design_For_TheWatch                    ; --         ;
; IP_TOOL_NAME                        ; altera_nios2_qsys                                                        ; --            ; HW_Design_For_TheWatch_CPU                ; --         ;
; IP_TOOL_NAME                        ; altera_avalon_jtag_uart                                                  ; --            ; HW_Design_For_TheWatch_JTAG_UART          ; --         ;
; IP_TOOL_NAME                        ; altera_avalon_new_sdram_controller                                       ; --            ; HW_Design_For_TheWatch_SDRAM              ; --         ;
; IP_TOOL_NAME                        ; altera_merlin_router                                                     ; --            ; HW_Design_For_TheWatch_addr_router        ; --         ;
; IP_TOOL_NAME                        ; altera_merlin_router                                                     ; --            ; HW_Design_For_TheWatch_addr_router_001    ; --         ;
; IP_TOOL_NAME                        ; altera_merlin_demultiplexer                                              ; --            ; HW_Design_For_TheWatch_cmd_xbar_demux     ; --         ;
; IP_TOOL_NAME                        ; altera_merlin_demultiplexer                                              ; --            ; HW_Design_For_TheWatch_cmd_xbar_demux_001 ; --         ;
; IP_TOOL_NAME                        ; altera_merlin_multiplexer                                                ; --            ; HW_Design_For_TheWatch_cmd_xbar_mux       ; --         ;
; IP_TOOL_NAME                        ; altera_merlin_router                                                     ; --            ; HW_Design_For_TheWatch_id_router          ; --         ;
; IP_TOOL_NAME                        ; altera_merlin_router                                                     ; --            ; HW_Design_For_TheWatch_id_router_001      ; --         ;
; IP_TOOL_NAME                        ; altera_merlin_router                                                     ; --            ; HW_Design_For_TheWatch_id_router_002      ; --         ;
; IP_TOOL_NAME                        ; altera_irq_mapper                                                        ; --            ; HW_Design_For_TheWatch_irq_mapper         ; --         ;
; IP_TOOL_NAME                        ; altera_merlin_demultiplexer                                              ; --            ; HW_Design_For_TheWatch_rsp_xbar_demux_002 ; --         ;
; IP_TOOL_NAME                        ; altera_merlin_multiplexer                                                ; --            ; HW_Design_For_TheWatch_rsp_xbar_mux       ; --         ;
; IP_TOOL_NAME                        ; altera_merlin_multiplexer                                                ; --            ; HW_Design_For_TheWatch_rsp_xbar_mux_001   ; --         ;
; IP_TOOL_NAME                        ; altera_avalon_sysid_qsys                                                 ; --            ; HW_Design_For_TheWatch_sysid              ; --         ;
; IP_TOOL_NAME                        ; altera_avalon_timer                                                      ; --            ; HW_Design_For_TheWatch_timer_ms           ; --         ;
; IP_TOOL_NAME                        ; altera_avalon_sc_fifo                                                    ; --            ; altera_avalon_sc_fifo                     ; --         ;
; IP_TOOL_NAME                        ; altera_merlin_burst_adapter                                              ; --            ; altera_merlin_burst_adapter               ; --         ;
; IP_TOOL_NAME                        ; altera_merlin_master_agent                                               ; --            ; altera_merlin_master_agent                ; --         ;
; IP_TOOL_NAME                        ; altera_merlin_master_translator                                          ; --            ; altera_merlin_master_translator           ; --         ;
; IP_TOOL_NAME                        ; altera_merlin_slave_agent                                                ; --            ; altera_merlin_slave_agent                 ; --         ;
; IP_TOOL_NAME                        ; altera_merlin_slave_translator                                           ; --            ; altera_merlin_slave_translator            ; --         ;
; IP_TOOL_NAME                        ; altera_merlin_width_adapter                                              ; --            ; altera_merlin_width_adapter               ; --         ;
; IP_TOOL_NAME                        ; altera_reset_controller                                                  ; --            ; altera_reset_controller                   ; --         ;
; IP_TOOL_VERSION                     ; 13.0sp1                                                                  ; --            ; HW_Design_For_TheWatch                    ; --         ;
; IP_TOOL_VERSION                     ; 13.0                                                                     ; --            ; HW_Design_For_TheWatch_CPU                ; --         ;
; IP_TOOL_VERSION                     ; 13.0.1.99.2                                                              ; --            ; HW_Design_For_TheWatch_JTAG_UART          ; --         ;
; IP_TOOL_VERSION                     ; 13.0.1.99.2                                                              ; --            ; HW_Design_For_TheWatch_SDRAM              ; --         ;
; IP_TOOL_VERSION                     ; 13.0                                                                     ; --            ; HW_Design_For_TheWatch_addr_router        ; --         ;
; IP_TOOL_VERSION                     ; 13.0                                                                     ; --            ; HW_Design_For_TheWatch_addr_router_001    ; --         ;
; IP_TOOL_VERSION                     ; 13.0                                                                     ; --            ; HW_Design_For_TheWatch_cmd_xbar_demux     ; --         ;
; IP_TOOL_VERSION                     ; 13.0                                                                     ; --            ; HW_Design_For_TheWatch_cmd_xbar_demux_001 ; --         ;
; IP_TOOL_VERSION                     ; 13.0                                                                     ; --            ; HW_Design_For_TheWatch_cmd_xbar_mux       ; --         ;
; IP_TOOL_VERSION                     ; 13.0                                                                     ; --            ; HW_Design_For_TheWatch_id_router          ; --         ;
; IP_TOOL_VERSION                     ; 13.0                                                                     ; --            ; HW_Design_For_TheWatch_id_router_001      ; --         ;
; IP_TOOL_VERSION                     ; 13.0                                                                     ; --            ; HW_Design_For_TheWatch_id_router_002      ; --         ;
; IP_TOOL_VERSION                     ; 13.0                                                                     ; --            ; HW_Design_For_TheWatch_irq_mapper         ; --         ;
; IP_TOOL_VERSION                     ; 13.0                                                                     ; --            ; HW_Design_For_TheWatch_rsp_xbar_demux_002 ; --         ;
; IP_TOOL_VERSION                     ; 13.0                                                                     ; --            ; HW_Design_For_TheWatch_rsp_xbar_mux       ; --         ;
; IP_TOOL_VERSION                     ; 13.0                                                                     ; --            ; HW_Design_For_TheWatch_rsp_xbar_mux_001   ; --         ;
; IP_TOOL_VERSION                     ; 13.0                                                                     ; --            ; HW_Design_For_TheWatch_sysid              ; --         ;
; IP_TOOL_VERSION                     ; 13.0.1.99.2                                                              ; --            ; HW_Design_For_TheWatch_timer_ms           ; --         ;
; IP_TOOL_VERSION                     ; 13.0                                                                     ; --            ; altera_avalon_sc_fifo                     ; --         ;
; IP_TOOL_VERSION                     ; 13.0                                                                     ; --            ; altera_merlin_burst_adapter               ; --         ;
; IP_TOOL_VERSION                     ; 13.0                                                                     ; --            ; altera_merlin_master_agent                ; --         ;
; IP_TOOL_VERSION                     ; 13.0                                                                     ; --            ; altera_merlin_master_translator           ; --         ;
; IP_TOOL_VERSION                     ; 13.0                                                                     ; --            ; altera_merlin_slave_agent                 ; --         ;
; IP_TOOL_VERSION                     ; 13.0                                                                     ; --            ; altera_merlin_slave_translator            ; --         ;
; IP_TOOL_VERSION                     ; 13.0                                                                     ; --            ; altera_merlin_width_adapter               ; --         ;
; IP_TOOL_VERSION                     ; 13.0                                                                     ; --            ; altera_reset_controller                   ; --         ;
; MAX_CORE_JUNCTION_TEMP              ; 85                                                                       ; --            ; --                                        ; --         ;
; MIN_CORE_JUNCTION_TEMP              ; 0                                                                        ; --            ; --                                        ; --         ;
; MISC_FILE                           ; HW_Design_For_TheWatch/synthesis/../../HW_Design_For_TheWatch.cmp        ; --            ; --                                        ; --         ;
; MISC_FILE                           ; HW_Design_For_TheWatch/synthesis/../../HW_Design_For_TheWatch.qsys       ; --            ; --                                        ; --         ;
; PARTITION_COLOR                     ; 16764057                                                                 ; --            ; --                                        ; Top        ;
; PARTITION_FITTER_PRESERVATION_LEVEL ; PLACEMENT_AND_ROUTING                                                    ; --            ; --                                        ; Top        ;
; PARTITION_NETLIST_TYPE              ; SOURCE                                                                   ; --            ; --                                        ; Top        ;
; POWER_BOARD_THERMAL_MODEL           ; None (CONSERVATIVE)                                                      ; --            ; --                                        ; --         ;
; POWER_PRESET_COOLING_SOLUTION       ; 23 MM HEAT SINK WITH 200 LFPM AIRFLOW                                    ; --            ; --                                        ; --         ;
; PROJECT_OUTPUT_DIRECTORY            ; output_files                                                             ; --            ; --                                        ; --         ;
; SLD_INFO                            ; QSYS_NAME HW_Design_For_TheWatch HAS_SOPCINFO 1 GENERATION_ID 1510406386 ; --            ; HW_Design_For_TheWatch                    ; --         ;
; SOPCINFO_FILE                       ; HW_Design_For_TheWatch/synthesis/../../HW_Design_For_TheWatch.sopcinfo   ; --            ; --                                        ; --         ;
; SYNTHESIS_ONLY_QIP                  ; On                                                                       ; --            ; --                                        ; --         ;
+-------------------------------------+--------------------------------------------------------------------------+---------------+-------------------------------------------+------------+


+-------------------------------------------------------------------------------------------------------------------------------+
; Flow Elapsed Time                                                                                                             ;
+---------------------------+--------------+-------------------------+---------------------+------------------------------------+
; Module Name               ; Elapsed Time ; Average Processors Used ; Peak Virtual Memory ; Total CPU Time (on all processors) ;
+---------------------------+--------------+-------------------------+---------------------+------------------------------------+
; Analysis & Synthesis      ; 00:00:44     ; 1.0                     ; 588 MB              ; 00:00:38                           ;
; Fitter                    ; 00:00:49     ; 1.0                     ; 666 MB              ; 00:00:35                           ;
; Assembler                 ; 00:00:05     ; 1.0                     ; 431 MB              ; 00:00:04                           ;
; TimeQuest Timing Analyzer ; 00:00:04     ; 1.0                     ; 434 MB              ; 00:00:04                           ;
; Total                     ; 00:01:42     ; --                      ; --                  ; 00:01:21                           ;
+---------------------------+--------------+-------------------------+---------------------+------------------------------------+


+----------------------------------------------------------------------------------------+
; Flow OS Summary                                                                        ;
+---------------------------+------------------+-----------+------------+----------------+
; Module Name               ; Machine Hostname ; OS Name   ; OS Version ; Processor type ;
+---------------------------+------------------+-----------+------------+----------------+
; Analysis & Synthesis      ; Morya-PC         ; Windows 7 ; 6.1        ; x86_64         ;
; Fitter                    ; Morya-PC         ; Windows 7 ; 6.1        ; x86_64         ;
; Assembler                 ; Morya-PC         ; Windows 7 ; 6.1        ; x86_64         ;
; TimeQuest Timing Analyzer ; Morya-PC         ; Windows 7 ; 6.1        ; x86_64         ;
+---------------------------+------------------+-----------+------------+----------------+


------------
; Flow Log ;
------------
quartus_map --read_settings_files=on --write_settings_files=off DE1_watch -c DE1_watch
quartus_fit --read_settings_files=off --write_settings_files=off DE1_watch -c DE1_watch
quartus_asm --read_settings_files=off --write_settings_files=off DE1_watch -c DE1_watch
quartus_sta DE1_watch -c DE1_watch



